Main command: ../../crispr.pl --conf conf.txt --region amplicon.bed --crispr site.bed --sitemap sample.site --filemap file.map --genome hg19 --verbose --sge
abra => /home/wangx112/production/crispr/app/bin/abra-0.94-SNAPSHOT-jar-with-dependencies.jar
align_dir => ./align
amplicon_end => 114680719
amplicon_start => 114680096
bedtools => /home/wangx112/app//bedtools2/bin/bedtools
bwa => /apps/sys/bioinfo/bin/bwa
chr => chr4
conf => conf.txt
crispr => site.bed
crispr_samples => HASH(0x20b3a28)
crisprs => HASH(0x20b3338)
deliv_dir => ./deliverables
filemap => file.map
gene_strand => -
gene_sym => CAMK2D
geneid => NM_001221
genome => hg19
java => /apps/sys/java/jdk1.7.0_51/bin/java
min_len => 50
min_mapq => 30
min_qual_mean => 30
ns_max_p => 3
outdir => .
picard => /home/wangx112/production/crispr/app/picard-tools-1.107
prinseq => /home/wangx112/app/prinseq-lite-0.20.4/prinseq-lite.pl
pysamstats => /home/wangx112/bin/pysamstats
realign_flag => Y
refGene => ../hg19/UCSCrefGene.txt
ref_bwa_idx => ../hg19/hg19.fa
ref_fasta => ../hg19/hg19.fa
region => amplicon.bed
remove_duplicate => N
rscript => /home/wangx112/app/R-3.2.1/bin/Rscript
sample_crisprs => HASH(0x20b39f8)
sample_fastqs => HASH(0x13f22e0)
samtools => /apps/sys/bioinfo/bin/samtools
sge => 1
sitemap => sample.site
tmpdir => /tmp
verbose => 1
wing_length => 50
qsub -cwd -V -o ./align/sample1.log -j y -b y -N CR09sa1 /home/wangx112/dev/crispr_dev2/sample.pl sample1 ../fastq/A_20160907HM1_B01_Run1_S2_R1_001.fastq.gz ./align --read2fastq ../fastq/A_20160907HM1_B01_Run1_S2_R2_001.fastq.gz --picard /home/wangx112/production/crispr/app/picard-tools-1.107 --abra /home/wangx112/production/crispr/app/bin/abra-0.94-SNAPSHOT-jar-with-dependencies.jar --prinseq /home/wangx112/app/prinseq-lite-0.20.4/prinseq-lite.pl --samtools /apps/sys/bioinfo/bin/samtools --bwa /apps/sys/bioinfo/bin/bwa --java /apps/sys/java/jdk1.7.0_51/bin/java --bedtools /home/wangx112/app//bedtools2/bin/bedtools --pysamstats /home/wangx112/bin/pysamstats --rscript /home/wangx112/app/R-3.2.1/bin/Rscript --tmpdir /tmp --min_qual_mean 30 --min_len 50 --ns_max_p 3 --unique --realign --min_mapq 30 --genome hg19 --idxbase ../hg19/hg19.fa --ref_fasta ../hg19/hg19.fa --refGene ../hg19/UCSCrefGene.txt --geneid NM_001221 --chr chr4 --amplicon_start 114680096 --amplicon_end 114680719 --target_bed site.bed --target_names CAMK2D_C1 --wing_length 50
Your job 101316 ("CR09sa1") has been submitted
qsub -cwd -V -o ./align/sample2.log -j y -b y -N CR09sa2 /home/wangx112/dev/crispr_dev2/sample.pl sample2 ../fastq/A_20160907HM1_D01_Run1_S4_R1_001.fastq.gz ./align --read2fastq ../fastq/A_20160907HM1_D01_Run1_S4_R2_001.fastq.gz --picard /home/wangx112/production/crispr/app/picard-tools-1.107 --abra /home/wangx112/production/crispr/app/bin/abra-0.94-SNAPSHOT-jar-with-dependencies.jar --prinseq /home/wangx112/app/prinseq-lite-0.20.4/prinseq-lite.pl --samtools /apps/sys/bioinfo/bin/samtools --bwa /apps/sys/bioinfo/bin/bwa --java /apps/sys/java/jdk1.7.0_51/bin/java --bedtools /home/wangx112/app//bedtools2/bin/bedtools --pysamstats /home/wangx112/bin/pysamstats --rscript /home/wangx112/app/R-3.2.1/bin/Rscript --tmpdir /tmp --min_qual_mean 30 --min_len 50 --ns_max_p 3 --unique --realign --min_mapq 30 --genome hg19 --idxbase ../hg19/hg19.fa --ref_fasta ../hg19/hg19.fa --refGene ../hg19/UCSCrefGene.txt --geneid NM_001221 --chr chr4 --amplicon_start 114680096 --amplicon_end 114680719 --target_bed site.bed --target_names CAMK2D_C1 --wing_length 50
Your job 101317 ("CR09sa2") has been submitted
/home/wangx112/app/R-3.2.1/bin/Rscript /home/wangx112/dev/crispr_dev2/R/read_flow.R --inf=./align/read_count.txt --outf=./align/read_count.png  --rmd=N
/home/wangx112/app/R-3.2.1/bin/Rscript /home/wangx112/dev/crispr_dev2/R/read_chr.R ./align/chr_read_count.txt ./align/chr_read_count.png
/home/wangx112/app/R-3.2.1/bin/Rscript /home/wangx112/dev/crispr_dev2/R/indel.R ./align/CAMK2D_C1_pct.txt ./deliverables/CAMK2D_C1/assets/CAMK2D_C1.indelcnt.png ./deliverables/CAMK2D_C1/assets/CAMK2D_C1.indelpct.png
/home/wangx112/dev/crispr_dev2/crispr2cx.pl -input ./align/CAMK2D_C1_can.txt -perc 0 > ./deliverables/CAMK2D_C1/CAMK2D_C1_cx0.html
/home/wangx112/dev/crispr_dev2/crispr2cx.pl -input ./align/CAMK2D_C1_can.txt -perc 1 > ./deliverables/CAMK2D_C1/CAMK2D_C1_cx1.html
/home/wangx112/app/R-3.2.1/bin/Rscript /home/wangx112/dev/crispr_dev2/R/hdr_freq.R --inf=./align/CAMK2D_C1_hdr.txt --sub=CAMK2D_C1 --outf=./deliverables/CAMK2D_C1/assets/CAMK2D_C1.hdr.png
/home/wangx112/dev/crispr_dev2/resultPage.pl --ref hg19 --gene NM_001221 --region amplicon.bed --crispr site.bed --cname CAMK2D_C1 ./align ./deliverables
All done!
