[bam_header_read] EOF marker is absent. The input is probably truncated.
[bam_header_read] EOF marker is absent. The input is probably truncated.
[M::main_mem] read 102246 sequences (12750998 bp)...
[M::mem_pestat] # candidate unique pairs for (FF, FR, RF, RR): (232, 46600, 3, 210)
[M::mem_pestat] analyzing insert size distribution for orientation FF...
[M::mem_pestat] (25, 50, 75) percentile: (86, 172, 654)
[M::mem_pestat] low and high boundaries for computing mean and std.dev: (1, 1790)
[M::mem_pestat] mean and std.dev: (305.88, 362.70)
[M::mem_pestat] low and high boundaries for proper pairs: (1, 2358)
[M::mem_pestat] analyzing insert size distribution for orientation FR...
[M::mem_pestat] (25, 50, 75) percentile: (97, 141, 200)
[M::mem_pestat] low and high boundaries for computing mean and std.dev: (1, 406)
[M::mem_pestat] mean and std.dev: (152.87, 73.27)
[M::mem_pestat] low and high boundaries for proper pairs: (1, 509)
[M::mem_pestat] skip orientation RF as there are not enough pairs
[M::mem_pestat] analyzing insert size distribution for orientation RR...
[M::mem_pestat] (25, 50, 75) percentile: (73, 150, 680)
[M::mem_pestat] low and high boundaries for computing mean and std.dev: (1, 1894)
[M::mem_pestat] mean and std.dev: (343.23, 449.61)
[M::mem_pestat] low and high boundaries for proper pairs: (1, 2501)
[M::mem_pestat] skip orientation FF
[M::mem_pestat] skip orientation RR
[M::worker2@2] performed mate-SW for 5131 reads
[M::worker2@0] performed mate-SW for 5010 reads
[M::worker2@1] performed mate-SW for 6106 reads
[M::worker2@3] performed mate-SW for 5585 reads
[samopen] SAM header is present: 25 sequences.
[main] Version: 0.7.5a-r405
[main] CMD: /apps/sys/bioinfo/bin/bwa mem -t 4 -M -R @RG	ID:sample2	SM:sample2	PL:ILLUMINA ../hg19/hg19.fa ./align/sample2.R1.fastq.gz ./align/sample2.R2.fastq.gz
[main] Real time: 22.351 sec; CPU: 43.062 sec
