[bam_header_read] EOF marker is absent. The input is probably truncated.
[bam_header_read] EOF marker is absent. The input is probably truncated.
[M::main_mem] read 114074 sequences (14184316 bp)...
[M::mem_pestat] # candidate unique pairs for (FF, FR, RF, RR): (128, 50451, 6, 148)
[M::mem_pestat] analyzing insert size distribution for orientation FF...
[M::mem_pestat] (25, 50, 75) percentile: (118, 314, 1247)
[M::mem_pestat] low and high boundaries for computing mean and std.dev: (1, 3505)
[M::mem_pestat] mean and std.dev: (605.21, 731.72)
[M::mem_pestat] low and high boundaries for proper pairs: (1, 4634)
[M::mem_pestat] analyzing insert size distribution for orientation FR...
[M::mem_pestat] (25, 50, 75) percentile: (100, 139, 189)
[M::mem_pestat] low and high boundaries for computing mean and std.dev: (1, 367)
[M::mem_pestat] mean and std.dev: (147.11, 62.62)
[M::mem_pestat] low and high boundaries for proper pairs: (1, 456)
[M::mem_pestat] skip orientation RF as there are not enough pairs
[M::mem_pestat] analyzing insert size distribution for orientation RR...
[M::mem_pestat] (25, 50, 75) percentile: (106, 347, 1359)
[M::mem_pestat] low and high boundaries for computing mean and std.dev: (1, 3865)
[M::mem_pestat] mean and std.dev: (773.57, 959.25)
[M::mem_pestat] low and high boundaries for proper pairs: (1, 5118)
[M::mem_pestat] skip orientation FF
[M::mem_pestat] skip orientation RR
[M::worker2@1] performed mate-SW for 7569 reads
[M::worker2@0] performed mate-SW for 7051 reads
[M::worker2@2] performed mate-SW for 8025 reads
[M::worker2@3] performed mate-SW for 8034 reads
[samopen] SAM header is present: 25 sequences.
[main] Version: 0.7.5a-r405
[main] CMD: /apps/sys/bioinfo/bin/bwa mem -t 4 -M -R @RG	ID:sample1	SM:sample1	PL:ILLUMINA ../hg19/hg19.fa ./align/sample1.R1.fastq.gz ./align/sample1.R2.fastq.gz
[main] Real time: 24.922 sec; CPU: 58.218 sec
