[Mon Oct 24 15:13:38 EDT 2016] net.sf.picard.sam.MarkDuplicates INPUT=[./align/sample1.bam.tmp] OUTPUT=./align/sample1.bam METRICS_FILE=./align/sample1.bam.md.metrics REMOVE_DUPLICATES=false ASSUME_SORTED=true MAX_FILE_HANDLES_FOR_READ_ENDS_MAP=1000 TMP_DIR=[/tmp] VALIDATION_STRINGENCY=LENIENT CREATE_INDEX=false    PROGRAM_RECORD_ID=MarkDuplicates PROGRAM_GROUP_NAME=MarkDuplicates MAX_SEQUENCES_FOR_DISK_READ_ENDS_MAP=50000 SORTING_COLLECTION_SIZE_RATIO=0.25 READ_NAME_REGEX=[a-zA-Z0-9]+:[0-9]:([0-9]+):([0-9]+):([0-9]+).* OPTICAL_DUPLICATE_PIXEL_DISTANCE=100 VERBOSITY=INFO QUIET=false COMPRESSION_LEVEL=5 MAX_RECORDS_IN_RAM=500000 CREATE_MD5_FILE=false
Java HotSpot(TM) 64-Bit Server VM warning: You have loaded library /apps/sys/bioinfo/java/picard-tools-1.107/libIntelDeflater.so which might have disabled stack guard. The VM will try to fix the stack guard now.
It's highly recommended that you fix the library with 'execstack -c <libfile>', or link it with '-z noexecstack'.
[Mon Oct 24 15:13:38 EDT 2016] Executing as wangx112@shamayim.pri.bms.com on Linux 2.6.32-431.23.3.el6.x86_64 amd64; Java HotSpot(TM) 64-Bit Server VM 1.7.0_51-b13; Picard version: 1.107(1667) IntelDeflater
INFO	2016-10-24 15:13:38	MarkDuplicates	Start of doWork freeMemory: 2046607640; totalMemory: 2058354688; maxMemory: 28556918784
INFO	2016-10-24 15:13:38	MarkDuplicates	Reading input file and constructing read end information.
INFO	2016-10-24 15:13:38	MarkDuplicates	Will retain up to 113321106 data points before spilling to disk.
INFO	2016-10-24 15:13:46	MarkDuplicates	Read 113578 records. 0 pairs never matched.
INFO	2016-10-24 15:13:47	MarkDuplicates	After buildSortedReadEndLists freeMemory: 1976282496; totalMemory: 2900885504; maxMemory: 28556918784
INFO	2016-10-24 15:13:47	MarkDuplicates	Will retain up to 892403712 duplicate indices before spilling to disk.
INFO	2016-10-24 15:13:52	MarkDuplicates	Traversing read pair information and detecting duplicates.
INFO	2016-10-24 15:13:52	MarkDuplicates	Traversing fragment information and detecting duplicates.
INFO	2016-10-24 15:13:52	MarkDuplicates	Sorting list of duplicate records.
INFO	2016-10-24 15:13:54	MarkDuplicates	After generateDuplicateIndexes freeMemory: 3241603800; totalMemory: 10391912448; maxMemory: 28556918784
INFO	2016-10-24 15:13:54	MarkDuplicates	Marking 48272 records as duplicates.
INFO	2016-10-24 15:13:54	MarkDuplicates	Found 24116 optical duplicate clusters.
INFO	2016-10-24 15:13:56	MarkDuplicates	Before output close freeMemory: 10380519848; totalMemory: 10391912448; maxMemory: 28556918784
INFO	2016-10-24 15:13:56	MarkDuplicates	After output close freeMemory: 10380609152; totalMemory: 10391912448; maxMemory: 28556918784
[Mon Oct 24 15:13:56 EDT 2016] net.sf.picard.sam.MarkDuplicates done. Elapsed time: 0.30 minutes.
Runtime.totalMemory()=10391912448
