Input and filter stats:
	Input sequences (file 1): 61,511
	Input bases (file 1): 7,486,756
	Input mean length (file 1): 121.71
	Input sequences (file 2): 61,511
	Input bases (file 2): 7,490,025
	Input mean length (file 2): 121.77
	Good sequences (pairs): 57,037
	Good bases (pairs): 14,184,316
	Good mean length (pairs): 248.69
	Good sequences (singletons file 1): 1,173 (1.91%)
	Good bases (singletons file 1): 153,239
	Good mean length (singletons file 1): 130.64
	Good sequences (singletons file 2): 637 (1.04%)
	Good bases (singletons file 2): 77,954
	Good mean length (singletons file 2): 122.38
	Bad sequences (file 1): 3,301 (5.37%)
	Bad bases (file 1): 241,268
	Bad mean length (file 1): 73.09
	Bad sequences (file 2): 1,173 (1.91%)
	Bad bases (file 2): 158,114
	Bad mean length (file 2): 134.79
	Sequences filtered by specified parameters:
	min_len: 4223
	min_qual_mean: 2915
